{"level":"info","message":"Button Create disable when creating a new childs name field is empty","timestamp":"2017-12-12T22:01:15.864Z"}
{"level":"info","message":"Button Create disable when creating a new childs name field is empty","timestamp":"2017-12-12T22:02:15.438Z"}
{"level":"info","message":"Button Create disable when creating a new childs name field is empty","timestamp":"2017-12-12T22:24:29.993Z"}
{"meta":"","level":"info","message":"","timestamp":"2017-12-12T22:29:38.989Z"}
{"level":"info","message":"Button Create disable when creating a new childs name field is empty","timestamp":"2017-12-12T22:29:50.082Z"}
{"meta":"","level":"info","message":"","timestamp":"2017-12-12T22:31:24.561Z"}
{"level":"info","message":"Button Create disable when creating a new childs name field is empty","timestamp":"2017-12-12T22:31:35.336Z"}
{"meta":"","level":"info","message":"","timestamp":"2017-12-12T22:42:52.207Z"}
{"meta":"","level":"info","message":"","timestamp":"2017-12-12T22:44:10.965Z"}
{"meta":"","level":"info","message":"","timestamp":"2017-12-12T22:44:43.300Z"}
{"meta":"","level":"info","message":"","timestamp":"2017-12-12T22:50:21.912Z"}
{"meta":"","level":"info","message":"","timestamp":"2017-12-12T22:51:58.368Z"}
{"meta":"","level":"info","message":"","timestamp":"2017-12-12T22:57:13.632Z"}
{"meta":"","level":"info","message":"","timestamp":"2017-12-12T23:01:01.952Z"}
{"meta":"","level":"info","message":"","timestamp":"2017-12-12T23:01:52.150Z"}
{"meta":"","level":"info","message":"","timestamp":"2017-12-12T23:03:32.540Z"}
{"meta":"","level":"info","message":"","timestamp":"2017-12-12T23:04:29.881Z"}
{"meta":"","level":"info","message":"","timestamp":"2017-12-12T23:05:26.220Z"}
{"meta":"","level":"info","message":"","timestamp":"2017-12-12T23:34:23.085Z"}
{"meta":"","level":"info","message":"","timestamp":"2017-12-12T23:35:29.382Z"}
{"meta":"","level":"info","message":"","timestamp":"2017-12-12T23:37:06.792Z"}
{"meta":"","level":"info","message":"","timestamp":"2017-12-12T23:38:19.014Z"}
{"meta":"","level":"info","message":"","timestamp":"2017-12-12T23:40:45.177Z"}
{"meta":"","level":"info","message":"","timestamp":"2017-12-12T23:42:00.709Z"}
{"meta":"","level":"info","message":"","timestamp":"2017-12-12T23:43:04.083Z"}
{"meta":"","level":"info","message":"","timestamp":"2017-12-12T23:43:57.543Z"}
{"meta":"","level":"info","message":"","timestamp":"2017-12-13T00:02:39.983Z"}
{"meta":"","level":"info","message":"","timestamp":"2017-12-13T00:05:20.032Z"}
{"meta":"","level":"info","message":"","timestamp":"2017-12-13T00:07:06.580Z"}
{"meta":"","level":"info","message":"","timestamp":"2017-12-13T00:07:14.098Z"}
{"meta":"","level":"info","message":"","timestamp":"2017-12-13T00:07:21.509Z"}
{"meta":"","level":"info","message":"","timestamp":"2017-12-13T00:07:32.159Z"}
{"level":"info","message":"Button Create disable when creating a new childs name field is empty","timestamp":"2017-12-13T00:07:48.798Z"}
{"meta":"","level":"info","message":"","timestamp":"2017-12-13T00:07:56.958Z"}
{"meta":"","level":"info","message":"","timestamp":"2017-12-13T00:08:05.402Z"}
{"meta":"","level":"info","message":"","timestamp":"2017-12-13T00:08:14.266Z"}
{"meta":"","level":"info","message":"","timestamp":"2017-12-13T00:08:23.323Z"}
{"meta":"","level":"info","message":"","timestamp":"2017-12-13T00:11:18.277Z"}
{"meta":"","level":"info","message":"","timestamp":"2017-12-13T00:11:18.293Z"}
{"meta":"","level":"info","message":"","timestamp":"2017-12-13T00:11:18.308Z"}
{"level":"info","message":"Button Create disable when creating a new childs name field is empty","timestamp":"2017-12-13T00:11:18.324Z"}
{"meta":"","level":"info","message":"","timestamp":"2017-12-13T00:11:18.339Z"}
{"meta":"","level":"info","message":"","timestamp":"2017-12-13T00:11:18.355Z"}
{"meta":"","level":"info","message":"","timestamp":"2017-12-13T00:11:18.373Z"}
{"meta":"","level":"info","message":"","timestamp":"2017-12-13T00:11:18.377Z"}
{"meta":"","level":"info","message":"","timestamp":"2017-12-13T00:13:04.248Z"}
{"meta":"","level":"info","message":"","timestamp":"2017-12-13T00:13:11.884Z"}
{"meta":"","level":"info","message":"","timestamp":"2017-12-13T00:13:19.288Z"}
{"level":"info","message":"Button Create disable when creating a new childs name field is empty","timestamp":"2017-12-13T00:13:26.817Z"}
{"meta":"","level":"info","message":"","timestamp":"2017-12-13T00:13:34.608Z"}
{"meta":"","level":"info","message":"","timestamp":"2017-12-13T00:13:42.121Z"}
{"meta":"","level":"info","message":"","timestamp":"2017-12-13T00:13:49.695Z"}
{"meta":"","level":"info","message":"","timestamp":"2017-12-13T00:13:57.427Z"}
{"meta":"","level":"info","message":"","timestamp":"2017-12-13T00:15:01.008Z"}
{"meta":"","level":"info","message":"","timestamp":"2017-12-13T00:15:08.558Z"}
{"meta":"","level":"info","message":"","timestamp":"2017-12-13T00:15:15.972Z"}
{"level":"info","message":"Button Create disable when creating a new childs name field is empty","timestamp":"2017-12-13T00:15:32.572Z"}
{"meta":"","level":"info","message":"","timestamp":"2017-12-13T00:15:40.864Z"}
{"meta":"","level":"info","message":"","timestamp":"2017-12-13T00:15:49.409Z"}
{"meta":"","level":"info","message":"","timestamp":"2017-12-13T00:15:58.437Z"}
{"meta":"","level":"info","message":"","timestamp":"2017-12-13T00:16:07.686Z"}
{"meta":"","level":"info","message":"","timestamp":"2017-12-13T00:18:24.493Z"}
{"meta":"","level":"info","message":"","timestamp":"2017-12-13T00:18:31.766Z"}
{"meta":"","level":"info","message":"","timestamp":"2017-12-13T00:18:39.218Z"}
{"level":"info","message":"Button Create disable when creating a new childs name field is empty","timestamp":"2017-12-13T00:18:55.998Z"}
{"meta":"","level":"info","message":"","timestamp":"2017-12-13T00:19:04.139Z"}
{"meta":"","level":"info","message":"","timestamp":"2017-12-13T00:19:12.565Z"}
{"meta":"","level":"info","message":"","timestamp":"2017-12-13T00:19:21.518Z"}
{"meta":"","level":"info","message":"","timestamp":"2017-12-13T00:19:30.824Z"}
{"meta":"","level":"info","message":"","timestamp":"2017-12-13T00:22:48.900Z"}
{"meta":"","level":"info","message":"","timestamp":"2017-12-13T00:22:56.578Z"}
{"meta":"","level":"info","message":"","timestamp":"2017-12-13T00:23:04.134Z"}
{"level":"info","message":"Button Create disable when creating a new childs name field is empty","timestamp":"2017-12-13T00:23:20.852Z"}
{"meta":"","level":"info","message":"","timestamp":"2017-12-13T00:23:29.038Z"}
{"meta":"","level":"info","message":"","timestamp":"2017-12-13T00:23:37.592Z"}
{"meta":"","level":"info","message":"","timestamp":"2017-12-13T00:23:46.462Z"}
{"meta":"","level":"info","message":"","timestamp":"2017-12-13T00:23:55.741Z"}
{"meta":"","level":"info","message":"","timestamp":"2017-12-13T00:29:35.704Z"}
{"meta":"","level":"info","message":"","timestamp":"2017-12-13T00:29:43.249Z"}
{"meta":"","level":"info","message":"","timestamp":"2017-12-13T00:29:50.632Z"}
{"level":"info","message":"Button Create disable when creating a new childs name field is empty","timestamp":"2017-12-13T00:30:07.278Z"}
{"meta":"","level":"info","message":"","timestamp":"2017-12-13T00:30:15.310Z"}
{"meta":"","level":"info","message":"","timestamp":"2017-12-13T00:30:23.675Z"}
{"meta":"","level":"info","message":"","timestamp":"2017-12-13T00:30:32.873Z"}
{"meta":"","level":"info","message":"","timestamp":"2017-12-13T01:11:24.492Z"}
{"meta":"","level":"info","message":"","timestamp":"2017-12-13T01:11:32.085Z"}
{"meta":"","level":"info","message":"","timestamp":"2017-12-13T01:11:39.622Z"}
{"level":"info","message":"Button Create disable when creating a new childs name field is empty","timestamp":"2017-12-13T01:11:56.843Z"}
{"meta":"","level":"info","message":"","timestamp":"2017-12-13T01:12:05.275Z"}
{"meta":"","level":"info","message":"","timestamp":"2017-12-13T01:12:14.569Z"}
{"meta":"","level":"info","message":"","timestamp":"2017-12-13T01:12:23.662Z"}
{"meta":"","level":"info","message":"","timestamp":"2017-12-13T01:12:33.362Z"}
{"meta":"","level":"info","message":"","timestamp":"2017-12-13T01:13:54.680Z"}
{"meta":"","level":"info","message":"","timestamp":"2017-12-13T01:14:02.459Z"}
{"meta":"","level":"info","message":"","timestamp":"2017-12-13T01:14:10.139Z"}
{"level":"info","message":"Button Create disable when creating a new childs name field is empty","timestamp":"2017-12-13T01:14:27.410Z"}
{"meta":"","level":"info","message":"","timestamp":"2017-12-13T01:14:36.012Z"}
{"meta":"","level":"info","message":"","timestamp":"2017-12-13T01:14:44.875Z"}
{"meta":"","level":"info","message":"","timestamp":"2017-12-13T01:14:53.725Z"}
{"meta":"","level":"info","message":"","timestamp":"2017-12-13T01:15:03.657Z"}
{"meta":"","level":"info","message":"","timestamp":"2017-12-13T01:20:01.955Z"}
{"meta":"","level":"info","message":"","timestamp":"2017-12-13T01:20:09.531Z"}
{"meta":"","level":"info","message":"","timestamp":"2017-12-13T01:20:17.110Z"}
{"level":"info","message":"Button Create disable when creating a new childs name field is empty","timestamp":"2017-12-13T01:20:34.229Z"}
{"meta":"","level":"info","message":"","timestamp":"2017-12-13T01:20:42.592Z"}
{"meta":"","level":"info","message":"","timestamp":"2017-12-13T01:20:51.635Z"}
{"meta":"","level":"info","message":"","timestamp":"2017-12-13T01:21:00.814Z"}
{"meta":"","level":"info","message":"","timestamp":"2017-12-13T01:23:06.465Z"}
{"meta":"","level":"info","message":"","timestamp":"2017-12-13T01:23:14.023Z"}
{"meta":"","level":"info","message":"","timestamp":"2017-12-13T01:23:21.547Z"}
{"level":"info","message":"Button Create disable when creating a new childs name field is empty","timestamp":"2017-12-13T01:23:38.651Z"}
{"meta":"","level":"info","message":"","timestamp":"2017-12-13T01:23:47.116Z"}
{"meta":"","level":"info","message":"","timestamp":"2017-12-13T01:23:56.177Z"}
{"meta":"","level":"info","message":"","timestamp":"2017-12-13T01:24:05.136Z"}
{"level":"info","message":"Open app on the Manage Children View","timestamp":"2017-12-13T01:35:11.849Z"}
{"level":"info","message":"No Child registered","timestamp":"2017-12-13T01:35:19.394Z"}
{"meta":"","level":"info","message":"","timestamp":"2017-12-13T01:35:26.943Z"}
{"level":"info","message":"Button Create disable when creating a new childs name field is empty","timestamp":"2017-12-13T01:35:43.765Z"}
{"meta":"","level":"info","message":"","timestamp":"2017-12-13T01:35:52.219Z"}
{"meta":"","level":"info","message":"","timestamp":"2017-12-13T01:36:01.244Z"}
{"meta":"","level":"info","message":"","timestamp":"2017-12-13T01:36:10.248Z"}
{"level":"info","message":"Open app on the Manage Children View","timestamp":"2017-12-13T01:36:44.283Z"}
{"level":"info","message":"No Child registered","timestamp":"2017-12-13T01:36:51.887Z"}
{"meta":"","level":"info","message":"","timestamp":"2017-12-13T01:36:59.446Z"}
{"level":"info","message":"Button Create disable when creating a new childs name field is empty","timestamp":"2017-12-13T01:37:16.407Z"}
{"meta":"","level":"info","message":"","timestamp":"2017-12-13T01:37:24.691Z"}
{"meta":"","level":"info","message":"","timestamp":"2017-12-13T01:37:33.412Z"}
{"meta":"","level":"info","message":"","timestamp":"2017-12-13T01:37:42.430Z"}
{"meta":"","level":"info","message":"","timestamp":"2017-12-13T01:38:47.647Z"}
{"meta":"","level":"info","message":"","timestamp":"2017-12-13T01:46:50.366Z"}
{"meta":"","level":"info","message":"","timestamp":"2017-12-13T01:47:41.314Z"}
{"meta":"","level":"info","message":"","timestamp":"2017-12-13T01:49:03.965Z"}
{"meta":"","level":"info","message":"","timestamp":"2017-12-13T01:50:25.006Z"}
{"meta":"","level":"info","message":"","timestamp":"2017-12-13T01:51:27.513Z"}
{"level":"info","message":"Open app on the Manage Children View","timestamp":"2017-12-13T01:52:43.148Z"}
{"level":"info","message":"No Child registered","timestamp":"2017-12-13T01:52:50.616Z"}
{"meta":"","level":"info","message":"","timestamp":"2017-12-13T01:52:58.060Z"}
{"level":"info","message":"Button Create disable when creating a new childs name field is empty","timestamp":"2017-12-13T01:53:15.116Z"}
{"meta":"","level":"info","message":"","timestamp":"2017-12-13T01:53:23.491Z"}
{"meta":"","level":"info","message":"","timestamp":"2017-12-13T01:53:32.531Z"}
{"meta":"","level":"info","message":"","timestamp":"2017-12-13T01:53:41.615Z"}
{"level":"info","message":"Open app on the Manage Children View","timestamp":"2017-12-13T01:58:55.025Z"}
{"level":"info","message":"No Child registered","timestamp":"2017-12-13T01:59:12.278Z"}
{"meta":"","level":"info","message":"","timestamp":"2017-12-13T01:59:19.680Z"}
{"level":"info","message":"Button Create disable when creating a new childs name field is empty","timestamp":"2017-12-13T01:59:36.829Z"}
{"meta":"","level":"info","message":"","timestamp":"2017-12-13T01:59:45.180Z"}
{"meta":"","level":"info","message":"","timestamp":"2017-12-13T01:59:53.868Z"}
{"meta":"","level":"info","message":"","timestamp":"2017-12-13T02:00:02.763Z"}
{"level":"info","message":"Open app on the Manage Children View","timestamp":"2017-12-13T02:04:38.204Z"}
{"level":"info","message":"No Child registered","timestamp":"2017-12-13T02:04:55.977Z"}
{"meta":"","level":"info","message":"","timestamp":"2017-12-13T02:05:03.645Z"}
{"level":"info","message":"Button Create disable when creating a new childs name field is empty","timestamp":"2017-12-13T02:05:20.809Z"}
{"meta":"","level":"info","message":"","timestamp":"2017-12-13T02:05:29.150Z"}
{"meta":"","level":"info","message":"","timestamp":"2017-12-13T02:05:37.740Z"}
{"meta":"","level":"info","message":"","timestamp":"2017-12-13T02:05:46.829Z"}
{"level":"info","message":"Open app on the Manage Children View","timestamp":"2017-12-13T02:07:05.886Z"}
{"level":"info","message":"No Child registered","timestamp":"2017-12-13T02:07:23.941Z"}
{"meta":"","level":"info","message":"","timestamp":"2017-12-13T02:07:31.467Z"}
{"level":"info","message":"Button Create disable when creating a new childs name field is empty","timestamp":"2017-12-13T02:07:48.278Z"}
{"meta":"","level":"info","message":"","timestamp":"2017-12-13T02:07:56.622Z"}
{"meta":"","level":"info","message":"","timestamp":"2017-12-13T02:08:05.363Z"}
{"meta":"","level":"info","message":"","timestamp":"2017-12-13T02:08:14.266Z"}
{"level":"info","message":"Open app on the Manage Children View","timestamp":"2017-12-13T02:21:29.286Z"}
{"level":"info","message":"No Child registered","timestamp":"2017-12-13T02:21:36.848Z"}
{"meta":"","level":"info","message":"","timestamp":"2017-12-13T02:21:44.339Z"}
{"level":"info","message":"Button Create disable when creating a new childs name field is empty","timestamp":"2017-12-13T02:22:01.015Z"}
{"meta":"","level":"info","message":"","timestamp":"2017-12-13T02:22:09.155Z"}
{"meta":"","level":"info","message":"","timestamp":"2017-12-13T02:22:17.690Z"}
{"meta":"","level":"info","message":"","timestamp":"2017-12-13T02:22:26.817Z"}
{"level":"info","message":"Open app on the Manage Children View","timestamp":"2017-12-13T02:23:36.267Z"}
{"level":"info","message":"No Child registered","timestamp":"2017-12-13T02:23:43.864Z"}
{"meta":"","level":"info","message":"","timestamp":"2017-12-13T02:23:51.407Z"}
{"level":"info","message":"Button Create disable when creating a new childs name field is empty","timestamp":"2017-12-13T02:24:08.277Z"}
{"meta":"","level":"info","message":"","timestamp":"2017-12-13T02:24:16.662Z"}
{"meta":"","level":"info","message":"","timestamp":"2017-12-13T02:24:25.300Z"}
{"meta":"","level":"info","message":"","timestamp":"2017-12-13T02:24:34.363Z"}
{"level":"info","message":"Open app on the Manage Children View","timestamp":"2017-12-13T02:26:26.272Z"}
{"level":"info","message":"No Child registered","timestamp":"2017-12-13T02:26:37.096Z"}
{"meta":"","level":"info","message":"","timestamp":"2017-12-13T02:26:50.061Z"}
{"level":"info","message":"Button Create disable when creating a new childs name field is empty","timestamp":"2017-12-13T02:27:28.956Z"}
{"meta":"","level":"info","message":"","timestamp":"2017-12-13T02:27:41.959Z"}
{"meta":"","level":"info","message":"","timestamp":"2017-12-13T02:27:55.035Z"}
{"meta":"","level":"info","message":"","timestamp":"2017-12-13T02:28:07.965Z"}
{"level":"info","message":"Open app on the Manage Children View","timestamp":"2017-12-13T02:29:59.786Z"}
{"level":"info","message":"No Child registered","timestamp":"2017-12-13T02:30:07.305Z"}
{"meta":"","level":"info","message":"","timestamp":"2017-12-13T02:30:14.793Z"}
{"level":"info","message":"Button Create disable when creating a new childs name field is empty","timestamp":"2017-12-13T02:30:31.497Z"}
{"meta":"","level":"info","message":"","timestamp":"2017-12-13T02:30:39.869Z"}
{"meta":"","level":"info","message":"","timestamp":"2017-12-13T02:30:48.593Z"}
{"meta":"","level":"info","message":"","timestamp":"2017-12-13T02:30:57.553Z"}
{"level":"info","message":"Open app on the Manage Children View","timestamp":"2017-12-13T02:35:16.997Z"}
{"level":"info","message":"No Child registered","timestamp":"2017-12-13T02:35:24.708Z"}
{"meta":"","level":"info","message":"","timestamp":"2017-12-13T02:35:32.279Z"}
{"level":"info","message":"Button Create disable when creating a new childs name field is empty","timestamp":"2017-12-13T02:35:48.860Z"}
{"meta":"","level":"info","message":"","timestamp":"2017-12-13T02:35:57.009Z"}
{"meta":"","level":"info","message":"","timestamp":"2017-12-13T02:36:05.479Z"}
{"meta":"","level":"info","message":"","timestamp":"2017-12-13T02:36:14.499Z"}
{"level":"info","message":"Open app on the Manage Children View","timestamp":"2017-12-13T02:38:42.640Z"}
{"level":"info","message":"No Child registered","timestamp":"2017-12-13T02:38:50.242Z"}
{"meta":"","level":"info","message":"","timestamp":"2017-12-13T02:38:57.693Z"}
{"level":"info","message":"Button Create disable when creating a new childs name field is empty","timestamp":"2017-12-13T02:39:14.330Z"}
{"meta":"","level":"info","message":"","timestamp":"2017-12-13T02:39:22.529Z"}
{"meta":"","level":"info","message":"","timestamp":"2017-12-13T02:39:31.052Z"}
{"meta":"","level":"info","message":"","timestamp":"2017-12-13T02:39:40.031Z"}
{"meta":"","level":"info","message":"","timestamp":"2017-12-13T02:43:15.938Z"}
{"meta":"","level":"info","message":"","timestamp":"2017-12-13T02:43:23.410Z"}
{"meta":"","level":"info","message":"","timestamp":"2017-12-13T02:43:30.898Z"}
{"level":"info","message":"Button Create disable when creating a new childs name field is empty","timestamp":"2017-12-13T02:43:38.463Z"}
{"meta":"","level":"info","message":"","timestamp":"2017-12-13T02:43:46.721Z"}
{"meta":"","level":"info","message":"","timestamp":"2017-12-13T02:43:56.353Z"}
{"meta":"","level":"info","message":"","timestamp":"2017-12-13T02:44:05.696Z"}
{"meta":"","level":"info","message":"","timestamp":"2017-12-13T02:44:14.812Z"}
{"meta":"","level":"info","message":"","timestamp":"2017-12-13T02:47:45.883Z"}
{"meta":"","level":"info","message":"","timestamp":"2017-12-13T02:47:53.341Z"}
{"meta":"","level":"info","message":"","timestamp":"2017-12-13T02:48:00.755Z"}
{"level":"info","message":"Button Create disable when creating a new childs name field is empty","timestamp":"2017-12-13T02:48:17.446Z"}
{"meta":"","level":"info","message":"","timestamp":"2017-12-13T02:48:25.524Z"}
{"meta":"","level":"info","message":"","timestamp":"2017-12-13T02:48:33.983Z"}
{"meta":"","level":"info","message":"","timestamp":"2017-12-13T02:48:42.867Z"}
{"meta":"","level":"info","message":"","timestamp":"2017-12-13T03:20:38.543Z"}
{"meta":"","level":"info","message":"","timestamp":"2017-12-13T03:21:00.176Z"}
{"meta":"","level":"info","message":"","timestamp":"2017-12-13T03:21:08.552Z"}
{"level":"info","message":"Button Create disable when creating a new childs name field is empty","timestamp":"2017-12-13T03:21:25.584Z"}
{"meta":"","level":"info","message":"","timestamp":"2017-12-13T03:21:33.975Z"}
{"meta":"","level":"info","message":"","timestamp":"2017-12-13T03:21:42.863Z"}
{"meta":"","level":"info","message":"","timestamp":"2017-12-13T03:21:52.310Z"}
{"meta":"","level":"info","message":"","timestamp":"2017-12-13T03:23:08.306Z"}
{"meta":"","level":"info","message":"","timestamp":"2017-12-13T03:23:25.667Z"}
{"meta":"","level":"info","message":"","timestamp":"2017-12-13T03:23:33.276Z"}
{"level":"info","message":"Button Create disable when creating a new childs name field is empty","timestamp":"2017-12-13T03:23:50.260Z"}
{"meta":"","level":"info","message":"","timestamp":"2017-12-13T03:23:58.753Z"}
{"meta":"","level":"info","message":"","timestamp":"2017-12-13T03:24:07.692Z"}
{"meta":"","level":"info","message":"","timestamp":"2017-12-13T03:24:17.367Z"}
{"meta":"","level":"info","message":"","timestamp":"2017-12-13T03:25:19.822Z"}
{"meta":"","level":"info","message":"","timestamp":"2017-12-13T03:25:35.418Z"}
{"meta":"","level":"info","message":"","timestamp":"2017-12-13T03:25:42.944Z"}
{"level":"info","message":"Button Create disable when creating a new childs name field is empty","timestamp":"2017-12-13T03:25:59.865Z"}
{"meta":"","level":"info","message":"","timestamp":"2017-12-13T03:26:08.414Z"}
{"meta":"","level":"info","message":"","timestamp":"2017-12-13T03:26:17.526Z"}
{"meta":"","level":"info","message":"","timestamp":"2017-12-13T03:26:27.232Z"}
{"meta":"","level":"info","message":"","timestamp":"2017-12-13T03:31:10.045Z"}
{"meta":"","level":"info","message":"","timestamp":"2017-12-13T03:31:17.653Z"}
{"meta":"","level":"info","message":"","timestamp":"2017-12-13T03:31:25.188Z"}
{"level":"info","message":"Button Create disable when creating a new childs name field is empty","timestamp":"2017-12-13T03:31:42.245Z"}
{"meta":"","level":"info","message":"","timestamp":"2017-12-13T03:31:50.641Z"}
{"meta":"","level":"info","message":"","timestamp":"2017-12-13T03:31:59.690Z"}
{"meta":"","level":"info","message":"","timestamp":"2017-12-13T03:32:16.172Z"}
{"meta":"","level":"info","message":"","timestamp":"2017-12-13T03:42:37.025Z"}
{"meta":"","level":"info","message":"","timestamp":"2017-12-13T03:42:44.813Z"}
{"meta":"","level":"info","message":"","timestamp":"2017-12-13T03:42:52.296Z"}
{"level":"info","message":"Button Create disable when creating a new childs name field is empty","timestamp":"2017-12-13T03:43:09.053Z"}
{"meta":"","level":"info","message":"","timestamp":"2017-12-13T03:43:17.502Z"}
{"meta":"","level":"info","message":"","timestamp":"2017-12-13T03:43:26.266Z"}
{"meta":"","level":"info","message":"","timestamp":"2017-12-13T03:43:42.759Z"}
{"meta":"","level":"info","message":"","timestamp":"2017-12-13T03:48:32.336Z"}
{"meta":"","level":"info","message":"","timestamp":"2017-12-13T03:48:49.774Z"}
{"meta":"","level":"info","message":"","timestamp":"2017-12-13T03:51:14.215Z"}
{"meta":"","level":"info","message":"","timestamp":"2017-12-13T03:51:31.711Z"}
{"meta":"","level":"info","message":"","timestamp":"2017-12-13T03:54:33.291Z"}
{"meta":"","level":"info","message":"","timestamp":"2017-12-13T03:54:57.954Z"}
{"meta":"","level":"info","message":"","timestamp":"2017-12-13T03:56:25.214Z"}
{"meta":"","level":"info","message":"","timestamp":"2017-12-13T03:56:49.569Z"}
{"meta":"","level":"info","message":"","timestamp":"2017-12-13T04:01:10.859Z"}
{"meta":"","level":"info","message":"","timestamp":"2017-12-13T04:01:35.274Z"}
{"meta":"","level":"info","message":"","timestamp":"2017-12-13T04:04:50.290Z"}
{"meta":"","level":"info","message":"","timestamp":"2017-12-13T04:04:57.734Z"}
{"meta":"","level":"info","message":"","timestamp":"2017-12-13T04:05:05.293Z"}
{"level":"info","message":"Button Create disable when creating a new childs name field is empty","timestamp":"2017-12-13T04:05:22.094Z"}
{"meta":"","level":"info","message":"","timestamp":"2017-12-13T04:05:30.277Z"}
{"meta":"","level":"info","message":"","timestamp":"2017-12-13T04:05:38.988Z"}
{"meta":"","level":"info","message":"","timestamp":"2017-12-13T04:05:47.979Z"}
{"meta":"","level":"info","message":"","timestamp":"2017-12-13T04:20:31.493Z"}
{"meta":"","level":"info","message":"","timestamp":"2017-12-13T04:20:39.224Z"}
{"level":"info","message":"Button Create disable when creating a new childs name field is empty","timestamp":"2017-12-13T04:20:46.811Z"}
{"meta":"","level":"info","message":"","timestamp":"2017-12-13T04:20:55.124Z"}
{"meta":"","level":"info","message":"","timestamp":"2017-12-13T04:21:04.053Z"}
{"meta":"","level":"info","message":"","timestamp":"2017-12-13T04:21:13.091Z"}
{"meta":"","level":"info","message":"","timestamp":"2017-12-13T04:21:29.575Z"}
{"meta":"","level":"info","message":"","timestamp":"2017-12-13T04:32:09.014Z"}
{"meta":"","level":"info","message":"","timestamp":"2017-12-13T04:32:28.305Z"}
{"meta":"","level":"info","message":"","timestamp":"2017-12-13T04:35:03.425Z"}
{"meta":"","level":"info","message":"","timestamp":"2017-12-13T04:35:20.716Z"}
{"meta":"","level":"info","message":"","timestamp":"2017-12-13T04:47:17.220Z"}
{"meta":"","level":"info","message":"","timestamp":"2017-12-13T04:47:24.610Z"}
{"meta":"","level":"info","message":"","timestamp":"2017-12-13T04:49:23.752Z"}
{"meta":"","level":"info","message":"","timestamp":"2017-12-13T04:51:25.930Z"}
{"meta":"","level":"info","message":"","timestamp":"2017-12-13T04:51:33.490Z"}
{"level":"info","message":"Button Create disable when creating a new childs name field is empty","timestamp":"2017-12-13T04:51:40.942Z"}
{"meta":"","level":"info","message":"","timestamp":"2017-12-13T04:51:49.190Z"}
{"meta":"","level":"info","message":"","timestamp":"2017-12-13T04:51:57.726Z"}
{"meta":"","level":"info","message":"","timestamp":"2017-12-13T04:52:06.637Z"}
{"meta":"","level":"info","message":"","timestamp":"2017-12-13T04:52:23.078Z"}
{"meta":"","level":"info","message":"","timestamp":"2017-12-13T04:54:50.138Z"}
{"meta":"","level":"info","message":"","timestamp":"2017-12-13T04:54:57.668Z"}
{"level":"info","message":"Button Create disable when creating a new childs name field is empty","timestamp":"2017-12-13T04:55:05.220Z"}
{"meta":"","level":"info","message":"","timestamp":"2017-12-13T04:55:13.382Z"}
{"meta":"","level":"info","message":"","timestamp":"2017-12-13T04:55:22.160Z"}
{"meta":"","level":"info","message":"","timestamp":"2017-12-13T04:55:30.917Z"}
{"meta":"","level":"info","message":"","timestamp":"2017-12-13T04:55:47.357Z"}
{"meta":"","level":"info","message":"","timestamp":"2017-12-13T05:01:15.144Z"}
{"meta":"","level":"info","message":"","timestamp":"2017-12-13T05:01:42.139Z"}
{"meta":"","level":"info","message":"","timestamp":"2017-12-13T05:03:02.213Z"}
{"meta":"","level":"info","message":"","timestamp":"2017-12-13T05:03:32.007Z"}
{"level":"info","message":"Button Create disable when creating a new childs name field is empty","timestamp":"2017-12-13T05:03:39.434Z"}
{"meta":"","level":"info","message":"","timestamp":"2017-12-13T05:03:47.729Z"}
{"meta":"","level":"info","message":"","timestamp":"2017-12-13T05:03:56.261Z"}
{"meta":"","level":"info","message":"","timestamp":"2017-12-13T05:04:05.052Z"}
{"meta":"","level":"info","message":"","timestamp":"2017-12-13T05:04:21.712Z"}
{"meta":"","level":"info","message":"","timestamp":"2017-12-13T05:28:43.931Z"}
{"meta":"","level":"info","message":"","timestamp":"2017-12-13T05:28:51.448Z"}
{"level":"info","message":"Button Create disable when creating a new childs name field is empty","timestamp":"2017-12-13T05:28:58.960Z"}
{"meta":"","level":"info","message":"","timestamp":"2017-12-13T05:29:07.377Z"}
{"meta":"","level":"info","message":"","timestamp":"2017-12-13T05:29:16.289Z"}
{"meta":"","level":"info","message":"","timestamp":"2017-12-13T05:29:25.362Z"}
{"meta":"","level":"info","message":"","timestamp":"2017-12-13T05:29:42.161Z"}
{"meta":"","level":"info","message":"","timestamp":"2017-12-13T06:04:33.640Z"}
{"meta":"","level":"info","message":"","timestamp":"2017-12-13T06:04:51.812Z"}
{"level":"info","message":"Button Create disable when creating a new childs name field is empty","timestamp":"2017-12-13T06:04:59.248Z"}
{"meta":"","level":"info","message":"","timestamp":"2017-12-13T06:05:07.734Z"}
{"meta":"","level":"info","message":"","timestamp":"2017-12-13T06:05:16.304Z"}
{"meta":"","level":"info","message":"","timestamp":"2017-12-13T06:05:25.337Z"}
{"meta":"","level":"info","message":"","timestamp":"2017-12-13T06:05:42.002Z"}
{"meta":"","level":"info","message":"","timestamp":"2017-12-13T06:10:57.161Z"}
{"meta":"","level":"info","message":"","timestamp":"2017-12-13T06:11:04.719Z"}
{"level":"info","message":"Button Create disable when creating a new childs name field is empty","timestamp":"2017-12-13T06:11:15.325Z"}
{"meta":"","level":"info","message":"","timestamp":"2017-12-13T06:11:28.388Z"}
{"meta":"","level":"info","message":"","timestamp":"2017-12-13T06:11:37.097Z"}
{"meta":"","level":"info","message":"","timestamp":"2017-12-13T06:11:46.453Z"}
{"meta":"","level":"info","message":"","timestamp":"2017-12-13T06:12:03.574Z"}
{"meta":"","level":"info","message":"","timestamp":"2017-12-13T06:18:50.395Z"}
{"meta":"","level":"info","message":"","timestamp":"2017-12-13T06:18:58.049Z"}
{"level":"info","message":"Button Create disable when creating a new childs name field is empty","timestamp":"2017-12-13T06:19:05.604Z"}
{"meta":"","level":"info","message":"","timestamp":"2017-12-13T06:19:14.013Z"}
{"meta":"","level":"info","message":"","timestamp":"2017-12-13T06:19:22.670Z"}
{"meta":"","level":"info","message":"","timestamp":"2017-12-13T06:19:31.760Z"}
{"meta":"","level":"info","message":"","timestamp":"2017-12-13T06:19:48.582Z"}
{"meta":"","level":"info","message":"","timestamp":"2017-12-13T06:22:53.857Z"}
{"meta":"","level":"info","message":"","timestamp":"2017-12-13T06:23:01.405Z"}
{"level":"info","message":"Button Create disable when creating a new childs name field is empty","timestamp":"2017-12-13T06:23:09.100Z"}
{"meta":"","level":"info","message":"","timestamp":"2017-12-13T06:23:17.523Z"}
{"meta":"","level":"info","message":"","timestamp":"2017-12-13T06:23:26.205Z"}
{"meta":"","level":"info","message":"","timestamp":"2017-12-13T06:23:35.021Z"}
{"meta":"","level":"info","message":"","timestamp":"2017-12-13T06:23:51.642Z"}
{"meta":"","level":"info","message":"","timestamp":"2017-12-13T06:28:49.094Z"}
{"meta":"","level":"info","message":"","timestamp":"2017-12-13T06:28:56.566Z"}
{"level":"info","message":"Button Create disable when creating a new childs name field is empty","timestamp":"2017-12-13T06:29:04.086Z"}
{"meta":"","level":"info","message":"","timestamp":"2017-12-13T06:29:12.676Z"}
{"meta":"","level":"info","message":"","timestamp":"2017-12-13T06:29:21.436Z"}
{"meta":"","level":"info","message":"","timestamp":"2017-12-13T06:29:30.614Z"}
{"meta":"","level":"info","message":"","timestamp":"2017-12-13T06:29:47.484Z"}
{"meta":"","level":"info","message":"","timestamp":"2017-12-13T06:32:52.647Z"}
{"meta":"","level":"info","message":"","timestamp":"2017-12-13T06:33:00.288Z"}
{"level":"info","message":"Button Create disable when creating a new childs name field is empty","timestamp":"2017-12-13T06:33:07.908Z"}
{"meta":"","level":"info","message":"","timestamp":"2017-12-13T06:33:16.334Z"}
{"meta":"","level":"info","message":"","timestamp":"2017-12-13T06:33:25.027Z"}
{"meta":"","level":"info","message":"","timestamp":"2017-12-13T06:33:34.077Z"}
{"meta":"","level":"info","message":"","timestamp":"2017-12-13T06:33:50.825Z"}
{"meta":"","level":"info","message":"","timestamp":"2017-12-13T06:36:41.785Z"}
{"meta":"","level":"info","message":"","timestamp":"2017-12-13T06:36:49.539Z"}
{"level":"info","message":"Button Create disable when creating a new childs name field is empty","timestamp":"2017-12-13T06:36:57.062Z"}
{"meta":"","level":"info","message":"","timestamp":"2017-12-13T06:37:05.447Z"}
{"meta":"","level":"info","message":"","timestamp":"2017-12-13T06:37:14.235Z"}
{"meta":"","level":"info","message":"","timestamp":"2017-12-13T06:37:23.296Z"}
{"meta":"","level":"info","message":"","timestamp":"2017-12-13T06:37:40.025Z"}
{"meta":"","level":"info","message":"","timestamp":"2017-12-13T06:39:05.276Z"}
{"meta":"","level":"info","message":"","timestamp":"2017-12-13T06:39:12.826Z"}
{"level":"info","message":"Button Create disable when creating a new childs name field is empty","timestamp":"2017-12-13T06:39:20.412Z"}
{"meta":"","level":"info","message":"","timestamp":"2017-12-13T06:39:28.811Z"}
{"meta":"","level":"info","message":"","timestamp":"2017-12-13T06:39:37.704Z"}
{"meta":"","level":"info","message":"","timestamp":"2017-12-13T06:39:46.735Z"}
{"meta":"","level":"info","message":"","timestamp":"2017-12-13T06:40:03.560Z"}
{"meta":"","level":"info","message":"","timestamp":"2017-12-13T06:49:54.929Z"}
{"meta":"","level":"info","message":"","timestamp":"2017-12-13T06:50:02.457Z"}
{"level":"info","message":"Button Create disable when creating a new childs name field is empty","timestamp":"2017-12-13T06:50:09.872Z"}
{"meta":"","level":"info","message":"","timestamp":"2017-12-13T06:50:18.226Z"}
{"meta":"","level":"info","message":"","timestamp":"2017-12-13T06:50:27.007Z"}
{"meta":"","level":"info","message":"","timestamp":"2017-12-13T06:50:38.973Z"}
{"meta":"","level":"info","message":"","timestamp":"2017-12-13T06:50:55.773Z"}
{"meta":"","level":"info","message":"","timestamp":"2017-12-13T06:51:05.470Z"}
{"meta":"","level":"info","message":"","timestamp":"2017-12-13T06:52:40.712Z"}
{"meta":"","level":"info","message":"","timestamp":"2017-12-13T06:52:48.433Z"}
{"level":"info","message":"Button Create disable when creating a new childs name field is empty","timestamp":"2017-12-13T06:52:55.965Z"}
{"meta":"","level":"info","message":"","timestamp":"2017-12-13T06:53:04.337Z"}
{"meta":"","level":"info","message":"","timestamp":"2017-12-13T06:53:12.990Z"}
{"meta":"","level":"info","message":"","timestamp":"2017-12-13T06:53:21.930Z"}
{"meta":"","level":"info","message":"","timestamp":"2017-12-13T06:53:38.708Z"}
{"meta":"","level":"info","message":"","timestamp":"2017-12-13T06:53:48.217Z"}
{"meta":"","level":"info","message":"","timestamp":"2017-12-13T06:53:57.218Z"}
{"meta":"","level":"info","message":"","timestamp":"2017-12-13T06:55:15.312Z"}
{"meta":"","level":"info","message":"","timestamp":"2017-12-13T06:55:22.922Z"}
{"level":"info","message":"Button Create disable when creating a new childs name field is empty","timestamp":"2017-12-13T06:55:30.424Z"}
{"meta":"","level":"info","message":"","timestamp":"2017-12-13T06:55:38.724Z"}
{"meta":"","level":"info","message":"","timestamp":"2017-12-13T06:55:47.204Z"}
{"meta":"","level":"info","message":"","timestamp":"2017-12-13T06:55:56.189Z"}
{"meta":"","level":"info","message":"","timestamp":"2017-12-13T06:56:13.053Z"}
{"meta":"","level":"info","message":"","timestamp":"2017-12-13T06:56:22.624Z"}
{"meta":"","level":"info","message":"","timestamp":"2017-12-13T06:56:31.465Z"}
{"meta":"","level":"info","message":"","timestamp":"2017-12-13T07:10:22.190Z"}
{"meta":"","level":"info","message":"","timestamp":"2017-12-13T07:10:38.824Z"}
{"level":"info","message":"Button Create disable when creating a new childs name field is empty","timestamp":"2017-12-13T07:10:46.268Z"}
{"meta":"","level":"info","message":"","timestamp":"2017-12-13T07:10:54.612Z"}
{"meta":"","level":"info","message":"","timestamp":"2017-12-13T07:11:02.456Z"}
{"meta":"","level":"info","message":"","timestamp":"2017-12-13T07:11:11.283Z"}
{"meta":"","level":"info","message":"","timestamp":"2017-12-13T07:11:27.934Z"}
{"meta":"","level":"info","message":"","timestamp":"2017-12-13T07:11:37.350Z"}
{"meta":"","level":"info","message":"","timestamp":"2017-12-13T07:11:46.115Z"}
{"meta":"","level":"info","message":"","timestamp":"2017-12-13T07:14:12.490Z"}
{"meta":"","level":"info","message":"","timestamp":"2017-12-13T07:14:29.636Z"}
{"level":"info","message":"Button Create disable when creating a new childs name field is empty","timestamp":"2017-12-13T07:14:37.237Z"}
{"meta":"","level":"info","message":"","timestamp":"2017-12-13T07:14:45.371Z"}
{"meta":"","level":"info","message":"","timestamp":"2017-12-13T07:14:53.921Z"}
{"meta":"","level":"info","message":"","timestamp":"2017-12-13T07:15:02.817Z"}
{"meta":"","level":"info","message":"","timestamp":"2017-12-13T07:15:19.404Z"}
{"meta":"","level":"info","message":"","timestamp":"2017-12-13T07:15:28.922Z"}
{"meta":"","level":"info","message":"","timestamp":"2017-12-13T07:15:37.694Z"}
{"meta":"","level":"info","message":"","timestamp":"2017-12-13T07:22:50.819Z"}
{"meta":"","level":"info","message":"","timestamp":"2017-12-13T07:23:08.645Z"}
{"level":"info","message":"Button Create disable when creating a new childs name field is empty","timestamp":"2017-12-13T07:23:16.159Z"}
{"meta":"","level":"info","message":"","timestamp":"2017-12-13T07:23:24.424Z"}
{"meta":"","level":"info","message":"","timestamp":"2017-12-13T07:23:33.081Z"}
{"meta":"","level":"info","message":"","timestamp":"2017-12-13T07:23:42.087Z"}
{"meta":"","level":"info","message":"","timestamp":"2017-12-13T07:23:58.650Z"}
{"meta":"","level":"info","message":"","timestamp":"2017-12-13T07:24:08.059Z"}
{"meta":"","level":"info","message":"","timestamp":"2017-12-13T07:24:16.793Z"}
{"meta":"","level":"info","message":"","timestamp":"2017-12-13T07:27:25.072Z"}
{"meta":"","level":"info","message":"","timestamp":"2017-12-13T07:27:42.595Z"}
{"level":"info","message":"Button Create disable when creating a new childs name field is empty","timestamp":"2017-12-13T07:27:50.060Z"}
{"meta":"","level":"info","message":"","timestamp":"2017-12-13T07:27:58.347Z"}
{"meta":"","level":"info","message":"","timestamp":"2017-12-13T07:28:07.079Z"}
{"meta":"","level":"info","message":"","timestamp":"2017-12-13T07:28:16.029Z"}
{"meta":"","level":"info","message":"","timestamp":"2017-12-13T07:28:32.523Z"}
{"meta":"","level":"info","message":"","timestamp":"2017-12-13T07:28:41.908Z"}
{"meta":"","level":"info","message":"","timestamp":"2017-12-13T07:28:51.043Z"}
{"meta":"","level":"info","message":"","timestamp":"2017-12-13T07:32:41.722Z"}
{"meta":"","level":"info","message":"","timestamp":"2017-12-13T07:32:49.105Z"}
{"level":"info","message":"Button Create disable when creating a new childs name field is empty","timestamp":"2017-12-13T07:32:56.565Z"}
{"meta":"","level":"info","message":"","timestamp":"2017-12-13T07:33:04.667Z"}
{"meta":"","level":"info","message":"","timestamp":"2017-12-13T07:33:13.232Z"}
{"meta":"","level":"info","message":"","timestamp":"2017-12-13T07:33:22.079Z"}
{"meta":"","level":"info","message":"","timestamp":"2017-12-13T07:33:38.557Z"}
{"meta":"","level":"info","message":"","timestamp":"2017-12-13T07:33:47.975Z"}
{"meta":"","level":"info","message":"","timestamp":"2017-12-13T07:33:56.790Z"}
{"meta":"","level":"info","message":"","timestamp":"2017-12-13T09:37:10.988Z"}
{"meta":"","level":"info","message":"","timestamp":"2017-12-13T09:37:18.744Z"}
{"level":"info","message":"Button Create disable when creating a new childs name field is empty","timestamp":"2017-12-13T09:37:26.609Z"}
{"meta":"","level":"info","message":"","timestamp":"2017-12-13T09:37:34.970Z"}
{"meta":"","level":"info","message":"","timestamp":"2017-12-13T09:37:43.730Z"}
{"meta":"","level":"info","message":"","timestamp":"2017-12-13T09:37:52.553Z"}
{"meta":"","level":"info","message":"","timestamp":"2017-12-13T09:38:09.437Z"}
{"meta":"","level":"info","message":"","timestamp":"2017-12-13T09:38:19.093Z"}
{"meta":"","level":"info","message":"","timestamp":"2017-12-13T09:38:28.153Z"}
{"level":"info","message":"1 Open app on the Manage Children View","timestamp":"2017-12-13T09:41:51.567Z"}
{"level":"info","message":"2 No Child registered","timestamp":"2017-12-13T09:41:59.183Z"}
{"level":"info","message":"3 Button Create disable when creating a new child when name field is empty","timestamp":"2017-12-13T09:42:06.756Z"}
{"level":"info","message":"4 Cant Register a Child with tomorrows Date","timestamp":"2017-12-13T09:42:15.206Z"}
{"level":"info","message":"5 Cancel option when registeringa a \"New Child","timestamp":"2017-12-13T09:42:23.987Z"}
{"level":"info","message":"6 Add first Child","timestamp":"2017-12-13T09:42:32.860Z"}
{"level":"info","message":"7 Edit a Child","timestamp":"2017-12-13T09:42:49.626Z"}
{"level":"info","message":"8 You can Cancel in windows in order to not delete a Child","timestamp":"2017-12-13T09:42:59.214Z"}
{"level":"info","message":"9 Delete a Child","timestamp":"2017-12-13T09:43:08.201Z"}
{"level":"info","message":"1 Open app on the Manage Children View","timestamp":"2017-12-13T09:44:35.380Z"}
{"level":"info","message":"2 No Child registered","timestamp":"2017-12-13T09:44:43.133Z"}
{"level":"info","message":"3 Button Create disable when creating a new child when name field is empty","timestamp":"2017-12-13T09:44:50.689Z"}
{"level":"info","message":"4 Cant Register a Child with tomorrows Date","timestamp":"2017-12-13T09:44:59.209Z"}
{"level":"info","message":"5 Cancel option when registeringa a \"New Child","timestamp":"2017-12-13T09:45:07.832Z"}
{"level":"info","message":"6 Add first Child","timestamp":"2017-12-13T09:45:16.705Z"}
{"level":"info","message":"7 Edit a Child","timestamp":"2017-12-13T09:45:26.029Z"}
{"level":"info","message":"8 You can Cancel in windows in order to not delete a Child","timestamp":"2017-12-13T09:45:35.703Z"}
{"level":"info","message":"9 Delete a Child","timestamp":"2017-12-13T09:45:44.811Z"}
{"level":"info","message":"1 Open app on the Manage Children View","timestamp":"2017-12-13T09:46:40.909Z"}
{"level":"info","message":"2 No Child registered","timestamp":"2017-12-13T09:46:48.419Z"}
{"level":"info","message":"3 Button Create disable when creating a new child when name field is empty","timestamp":"2017-12-13T09:46:55.929Z"}
{"level":"info","message":"4 Cant Register a Child with tomorrows Date","timestamp":"2017-12-13T09:47:04.408Z"}
{"level":"info","message":"5 Cancel option when registeringa a \"New Child","timestamp":"2017-12-13T09:47:13.173Z"}
{"level":"info","message":"6 Add first Child","timestamp":"2017-12-13T09:47:22.006Z"}
{"level":"info","message":"7 Edit a Child","timestamp":"2017-12-13T09:47:33.787Z"}
{"level":"info","message":"8 You can Cancel in windows in order to not delete a Child","timestamp":"2017-12-13T09:47:43.450Z"}
{"level":"info","message":"9 Delete a Child","timestamp":"2017-12-13T09:47:52.516Z"}
{"level":"info","message":"1 Open app on the Manage Children View","timestamp":"2017-12-13T09:48:33.431Z"}
{"level":"info","message":"2 No Child registered","timestamp":"2017-12-13T09:48:40.945Z"}
{"level":"info","message":"3 Button Create disable when creating a new child when name field is empty","timestamp":"2017-12-13T09:48:48.449Z"}
{"level":"info","message":"4 Cant Register a Child with tomorrows Date","timestamp":"2017-12-13T09:48:56.863Z"}
{"level":"info","message":"5 Cancel option when registeringa a \"New Child","timestamp":"2017-12-13T09:49:05.633Z"}
{"level":"info","message":"6 Add first Child","timestamp":"2017-12-13T09:49:14.567Z"}
{"level":"info","message":"7 Edit a Child","timestamp":"2017-12-13T09:49:29.317Z"}
{"level":"info","message":"8 You can Cancel in windows in order to not delete a Child","timestamp":"2017-12-13T09:49:38.975Z"}
{"level":"info","message":"9 Delete a Child","timestamp":"2017-12-13T09:49:47.946Z"}
{"level":"info","message":"1 Open app on the Manage Children View","timestamp":"2017-12-13T09:50:54.557Z"}
{"level":"info","message":"2 No Child registered","timestamp":"2017-12-13T09:51:02.214Z"}
{"level":"info","message":"3 Button Create disable when creating a new child when name field is empty","timestamp":"2017-12-13T09:51:09.790Z"}
{"level":"info","message":"4 Cant Register a Child with tomorrows Date","timestamp":"2017-12-13T09:51:18.164Z"}
{"level":"info","message":"5 Cancel option when registeringa a \"New Child","timestamp":"2017-12-13T09:51:27.047Z"}
{"level":"info","message":"6 Add first Child","timestamp":"2017-12-13T09:51:35.960Z"}
{"level":"info","message":"7 Edit a Child","timestamp":"2017-12-13T09:51:50.900Z"}
{"level":"info","message":"8 You can Cancel in windows in order to not delete a Child","timestamp":"2017-12-13T09:52:00.639Z"}
{"level":"info","message":"9 Delete a Child","timestamp":"2017-12-13T09:52:09.691Z"}
{"level":"info","message":"1 Open app on the Manage Children View","timestamp":"2017-12-13T10:08:14.497Z"}
{"level":"info","message":"2 No Child registered","timestamp":"2017-12-13T10:08:22.229Z"}
{"level":"info","message":"3 Button Create disable when creating a new child when name field is empty","timestamp":"2017-12-13T10:08:29.905Z"}
{"level":"info","message":"4 Cant Register a Child with tomorrows Date","timestamp":"2017-12-13T10:08:38.480Z"}
{"level":"info","message":"5 Cancel option when registeringa a \"New Child","timestamp":"2017-12-13T10:08:47.447Z"}
{"level":"info","message":"6 Add first Child","timestamp":"2017-12-13T10:08:56.476Z"}
{"level":"info","message":"7 Edit a Child","timestamp":"2017-12-13T10:09:11.570Z"}
{"level":"info","message":"8 You can Cancel in windows in order to not delete a Child","timestamp":"2017-12-13T10:09:21.582Z"}
{"level":"info","message":"9 Delete a Child","timestamp":"2017-12-13T10:09:30.957Z"}
{"meta":"","level":"info","message":"","timestamp":"2017-12-13T10:09:40.036Z"}
{"level":"info","message":"1 Open app on the Manage Children View","timestamp":"2017-12-13T10:11:33.294Z"}
{"level":"info","message":"2 No Child registered","timestamp":"2017-12-13T10:11:40.947Z"}
{"level":"info","message":"3 Button Create disable when creating a new child when name field is empty","timestamp":"2017-12-13T10:11:48.652Z"}
{"level":"info","message":"4 Cant Register a Child with tomorrows Date","timestamp":"2017-12-13T10:11:57.001Z"}
{"level":"info","message":"5 Cancel option when registeringa a \"New Child","timestamp":"2017-12-13T10:12:05.630Z"}
{"level":"info","message":"6 Add first Child","timestamp":"2017-12-13T10:12:14.637Z"}
{"level":"info","message":"7 Edit a Child","timestamp":"2017-12-13T10:12:29.464Z"}
{"level":"info","message":"8 You can Cancel in windows in order to not delete a Child","timestamp":"2017-12-13T10:12:39.065Z"}
{"level":"info","message":"9 Delete a Child","timestamp":"2017-12-13T10:12:48.046Z"}
{"meta":"","level":"info","message":"","timestamp":"2017-12-13T10:12:57.118Z"}
{"level":"info","message":"1 Open app on the Manage Children View","timestamp":"2017-12-13T12:58:42.861Z"}
{"level":"info","message":"2 No Child registered","timestamp":"2017-12-13T12:58:50.511Z"}
{"level":"info","message":"3 Button Create disable when creating a new child when name field is empty","timestamp":"2017-12-13T12:58:58.045Z"}
{"level":"info","message":"4 Cant Register a Child with tomorrows Date","timestamp":"2017-12-13T12:59:06.451Z"}
{"level":"info","message":"5 Cancel option when registeringa a \"New Child","timestamp":"2017-12-13T12:59:15.106Z"}
{"level":"info","message":"6 Add first Child","timestamp":"2017-12-13T12:59:24.111Z"}
{"level":"info","message":"7 Edit a Child","timestamp":"2017-12-13T12:59:31.678Z"}
{"level":"info","message":"8 You can Cancel in windows in order to not delete a Child","timestamp":"2017-12-13T12:59:39.045Z"}
{"level":"info","message":"9 Delete a Child","timestamp":"2017-12-13T12:59:46.596Z"}
{"meta":"","level":"info","message":"","timestamp":"2017-12-13T12:59:54.009Z"}
{"level":"info","message":"1 Open app on the Manage Children View","timestamp":"2017-12-28T21:51:49.614Z"}
{"level":"info","message":"2 No Child registered","timestamp":"2017-12-28T21:51:52.132Z"}
{"level":"info","message":"3 Button Create disable when creating a new child when name field is empty","timestamp":"2017-12-28T21:51:52.146Z"}
{"level":"info","message":"4 Cant Register a Child with tomorrows Date","timestamp":"2017-12-28T21:51:52.160Z"}
{"level":"info","message":"5 Cancel option when registeringa a \"New Child","timestamp":"2017-12-28T21:51:52.176Z"}
{"level":"info","message":"6 Add first Child","timestamp":"2017-12-28T21:51:52.196Z"}
{"level":"info","message":"7 Edit a Child","timestamp":"2017-12-28T21:51:52.223Z"}
{"level":"info","message":"8 You can Cancel in windows in order to not delete a Child","timestamp":"2017-12-28T21:51:52.263Z"}
{"level":"info","message":"9 Delete a Child","timestamp":"2017-12-28T21:51:52.275Z"}
{"meta":"","level":"info","message":"","timestamp":"2017-12-28T21:51:52.282Z"}
{"level":"info","message":"1 Open app on the Manage Children View","timestamp":"2017-12-28T21:52:02.914Z"}
{"level":"info","message":"2 No Child registered","timestamp":"2017-12-28T21:52:10.519Z"}
{"level":"info","message":"3 Button Create disable when creating a new child when name field is empty","timestamp":"2017-12-28T21:52:18.175Z"}
{"level":"info","message":"4 Cant Register a Child with tomorrows Date","timestamp":"2017-12-28T21:52:26.707Z"}
{"level":"info","message":"5 Cancel option when registeringa a \"New Child","timestamp":"2017-12-28T21:52:35.855Z"}
{"level":"info","message":"6 Add first Child","timestamp":"2017-12-28T21:52:45.087Z"}
{"level":"info","message":"7 Edit a Child","timestamp":"2017-12-28T21:53:00.461Z"}
{"level":"info","message":"8 You can Cancel in windows in order to not delete a Child","timestamp":"2017-12-28T21:53:10.442Z"}
{"level":"info","message":"9 Delete a Child","timestamp":"2017-12-28T21:53:19.526Z"}
{"meta":"","level":"info","message":"","timestamp":"2017-12-28T21:53:28.856Z"}
{"meta":"","level":"info","message":"","timestamp":"2017-12-28T21:57:33.847Z"}
